<?xml version="1.0" encoding="UTF-8"?>
<!-- Generated by org.testng.reporters.JUnitReportReporter -->
<testsuite skipped="0" hostname="DESKTOP-O7JA3FJ" name="demo.Testng.Demo.qsp.Demo" tests="2" failures="0" timestamp="2021-02-02T17:38:14 IST" time="57.072" errors="0">
  <testcase name="tc_2" time="32.728" classname="demo.Testng.Demo.qsp.Demo"/>
  <system-out/>
  <testcase name="tc_1" time="24.344" classname="demo.Testng.Demo.qsp.Demo"/>
  <system-out/>
</testsuite> <!-- demo.Testng.Demo.qsp.Demo -->
