<?xml version="1.0" encoding="UTF-8"?>
<!-- Generated by org.testng.reporters.JUnitReportReporter -->
<testsuite skipped="1" hostname="DESKTOP-O7JA3FJ" name="demo.Testng.Demo.qsp.Demo3" tests="3" failures="0" timestamp="2021-02-03T17:23:50 IST" time="0.039" errors="0">
  <testcase name="tc3" time="0.037" classname="demo.Testng.Demo.qsp.Demo3"/>
  <system-out>
3Hiiii----  </system-out>
  <testcase name="tc1" time="0.002" classname="demo.Testng.Demo.qsp.Demo3"/>
  <system-out>
Hiiii----  </system-out>
  <testcase name="tc2" classname="demo.Testng.Demo.qsp.Demo3">
    <skipped/>
  </testcase> <!-- tc2 -->
  <system-out/>
</testsuite> <!-- demo.Testng.Demo.qsp.Demo3 -->
