<?xml version="1.0" encoding="UTF-8"?>
<!-- Generated by org.testng.reporters.JUnitReportReporter -->
<testsuite skipped="0" hostname="DESKTOP-O7JA3FJ" name="demo.Testng.Demo.qsp.Demo2" tests="2" failures="0" timestamp="2021-02-03T16:18:37 IST" time="0.019" errors="0">
  <testcase name="TC2" time="0.003" classname="demo.Testng.Demo.qsp.Demo2"/>
  <system-out/>
  <testcase name="TC1" time="0.016" classname="demo.Testng.Demo.qsp.Demo2"/>
  <system-out/>
</testsuite> <!-- demo.Testng.Demo.qsp.Demo2 -->
